[debug] > Exec(early(addDefaultCommands), None, None)
[debug] > Exec(addDefaultCommands, None, None)
[debug] > Exec(early(initialize), None, None)
[debug] > Exec(initialize, None, None)
[debug] > Exec(early(addPluginSbtFile="""C:\Users\jpora\AppData\Local\Temp\idea.sbt"""), None, None)
[debug] > Exec(addPluginSbtFile="""C:\Users\jpora\AppData\Local\Temp\idea.sbt""", None, None)
[debug] > Exec(boot, None, None)
[debug] > Exec(writeSbtVersion, None, None)
[debug] > Exec(reload, None, None)
[debug] > Exec(sbtStashOnFailure, None, None)
[debug] > Exec(onFailure loadFailed, None, None)
[debug] > Exec(loadp, None, None)
[info] welcome to sbt 1.9.8 (Oracle Corporation Java 19)
[debug]       Load.loadUnit: plugins took 73.2865ms
[debug]       Load.loadUnit: defsScala took 0.229ms
[debug] [Loading] Scanning directory C:\Users\jpora\.sbt\1.0\plugins
[debug] [Loading] Found non-root projects 
[debug] [Loading] Done in C:\Users\jpora\.sbt\1.0\plugins, returning: ()
[debug] deducing auto plugins based on known facts Set(Atom(sbt.plugins.CorePlugin)) and clauses Clauses(Clause(Atom(sbt.plugins.JvmPlugin),Set(Atom(sbt.plugins.IvyPlugin)))
[debug] Clause(Atom(sbt.ScriptedPlugin),Set(Atom(sbt.plugins.JvmPlugin)))
[debug] Clause(Atom(sbt.plugins.SbtPlugin),Set(Atom(sbt.ScriptedPlugin)))
[debug] Clause(Atom(sbt.plugins.SemanticdbPlugin),Set(Atom(sbt.plugins.JvmPlugin)))
[debug] Clause(Atom(sbt.plugins.JUnitXmlReportPlugin),Set(Atom(sbt.plugins.JvmPlugin)))
[debug] Clause(Atom(sbt.plugins.MiniDependencyTreePlugin),Set(Atom(sbt.plugins.JvmPlugin)))
[debug] Clause(Atom(sbt.plugins.CorePlugin),Set(Atom(sbt.plugins.IvyPlugin)))
[debug] Clause(Atom(sbt.plugins.IvyPlugin),Set(Atom(sbt.plugins.JvmPlugin)))
[debug] Clause(Atom(sbt.plugins.JvmPlugin),Set(Atom(sbt.plugins.SemanticdbPlugin)))
[debug] Clause(Atom(sbt.plugins.JvmPlugin),Set(Atom(sbt.plugins.JUnitXmlReportPlugin)))
[debug] Clause(Atom(sbt.plugins.CorePlugin),Set(Atom(sbt.plugins.Giter8TemplatePlugin)))
[debug] Clause(Atom(sbt.plugins.JvmPlugin),Set(Atom(sbt.plugins.MiniDependencyTreePlugin))))
[debug]   :: deduced result: Matched(sbt.plugins.CorePlugin,sbt.plugins.Giter8TemplatePlugin,sbt.plugins.IvyPlugin,sbt.plugins.JvmPlugin,sbt.plugins.MiniDependencyTreePlugin,sbt.plugins.JUnitXmlReportPlugin,sbt.plugins.SemanticdbPlugin)
[debug] Plugins.deducer#function took 13.4579 ms
[debug]           Load.resolveProject(global-plugins) took 37.3343ms
[debug]         Load.loadTransitive: finalizeProject(Project(id global-plugins, base: C:\Users\jpora\.sbt\1.0\plugins, plugins: List(<none>))) took 67.7765ms
[debug] [Loading] Done in C:\Users\jpora\.sbt\1.0\plugins, returning: (global-plugins)
[debug]       Load.loadUnit: loadedProjectsRaw took 86.4692ms
[debug]       Load.loadUnit: cleanEvalClasses took 0.1582ms
[debug]     Load.loadUnit(file:/C:/Users/jpora/.sbt/1.0/plugins/, ...) took 166.8894ms
[debug]   Load.apply: load took 338.2812ms
[debug]   Load.apply: resolveProjects took 4.567ms
[debug]   Load.apply: finalTransforms took 49.4024ms
[debug]   Load.apply: config.delegates took 4.336ms
[debug]   Load.apply: Def.make(settings)... took 320.9069ms
[debug]   Load.apply: structureIndex took 83.1197ms
[debug]   Load.apply: mkStreams took 1.4389ms
[info] loading global plugins from C:\Users\jpora\.sbt\1.0\plugins
[debug] Running task... Cancel: Signal, check cycles: false, forcegc: true
[debug] Load.defaultLoad until apply took 1804.6021ms
[debug]           Load.loadUnit: plugins took 18.1927ms
[debug]           Load.loadUnit: defsScala took 0.0028ms
[debug] [Loading] Scanning directory C:\Users\jpora\OneDrive\Pulpit\Michal\AdventCalendar\Day2\untitled\project
[debug]             Load.loadUnit: mkEval took 4.7827ms
[debug] [Loading] Found non-root projects 
[debug] [Loading] Done in C:\Users\jpora\OneDrive\Pulpit\Michal\AdventCalendar\Day2\untitled\project, returning: ()
[debug] deducing auto plugins based on known facts Set(Atom(sbt.plugins.CorePlugin)) and clauses Clauses(Clause(Atom(sbt.plugins.JvmPlugin),Set(Atom(sbt.plugins.IvyPlugin)))
[debug] Clause(Atom(sbt.ScriptedPlugin),Set(Atom(sbt.plugins.JvmPlugin)))
[debug] Clause(Atom(sbt.plugins.SbtPlugin),Set(Atom(sbt.ScriptedPlugin)))
[debug] Clause(Atom(sbt.plugins.SemanticdbPlugin),Set(Atom(sbt.plugins.JvmPlugin)))
[debug] Clause(Atom(sbt.plugins.JUnitXmlReportPlugin),Set(Atom(sbt.plugins.JvmPlugin)))
[debug] Clause(Atom(sbt.plugins.MiniDependencyTreePlugin),Set(Atom(sbt.plugins.JvmPlugin)))
[debug] Clause(Atom(sbt.plugins.CorePlugin),Set(Atom(sbt.plugins.IvyPlugin)))
[debug] Clause(Atom(sbt.plugins.IvyPlugin),Set(Atom(sbt.plugins.JvmPlugin)))
[debug] Clause(Atom(sbt.plugins.JvmPlugin),Set(Atom(sbt.plugins.SemanticdbPlugin)))
[debug] Clause(Atom(sbt.plugins.JvmPlugin),Set(Atom(sbt.plugins.JUnitXmlReportPlugin)))
[debug] Clause(Atom(sbt.plugins.CorePlugin),Set(Atom(sbt.plugins.Giter8TemplatePlugin)))
[debug] Clause(Atom(sbt.plugins.JvmPlugin),Set(Atom(sbt.plugins.MiniDependencyTreePlugin))))
[debug]   :: deduced result: Matched(sbt.plugins.CorePlugin,sbt.plugins.Giter8TemplatePlugin,sbt.plugins.IvyPlugin,sbt.plugins.JvmPlugin,sbt.plugins.MiniDependencyTreePlugin,sbt.plugins.JUnitXmlReportPlugin,sbt.plugins.SemanticdbPlugin)
[debug] Plugins.deducer#function took 1.3679 ms
[info] loading settings for project untitled-build from idea.sbt ...
[debug]               Load.resolveProject(untitled-build) took 2.6265ms
[debug]             Load.loadTransitive: finalizeProject(Project(id untitled-build, base: C:\Users\jpora\OneDrive\Pulpit\Michal\AdventCalendar\Day2\untitled\project, plugins: List(<none>))) took 4.4096ms
[debug] [Loading] Done in C:\Users\jpora\OneDrive\Pulpit\Michal\AdventCalendar\Day2\untitled\project, returning: (untitled-build)
[debug]           Load.loadUnit: loadedProjectsRaw took 1683.6807ms
[debug]           Load.loadUnit: cleanEvalClasses took 4.7479ms
[debug]         Load.loadUnit(file:/C:/Users/jpora/OneDrive/Pulpit/Michal/AdventCalendar/Day2/untitled/project/, ...) took 1707.37ms
[debug]       Load.apply: load took 1708.6072ms
[debug]       Load.apply: resolveProjects took 0.0877ms
[debug]       Load.apply: finalTransforms took 11.2185ms
[debug]       Load.apply: config.delegates took 0.3807ms
[debug]       Load.apply: Def.make(settings)... took 72.7698ms
[debug]       Load.apply: structureIndex took 26.4516ms
[debug]       Load.apply: mkStreams took 0.0025ms
[info] loading project definition from C:\Users\jpora\OneDrive\Pulpit\Michal\AdventCalendar\Day2\untitled\project
[debug] Running task... Cancel: Signal, check cycles: false, forcegc: true
[warn] Unrecognized repository Scala Plugin Bundled Repository, ignoring it
[warn] Unrecognized repository Scala Plugin Bundled Repository, ignoring it
[debug]     Load.loadUnit: plugins took 2784.6767ms
[debug]     Load.loadUnit: defsScala took 0.0029ms
[debug] [Loading] Scanning directory C:\Users\jpora\OneDrive\Pulpit\Michal\AdventCalendar\Day2\untitled
[debug]       Load.loadUnit: mkEval took 0.2545ms
[debug] [Loading] Found root project root w/ remaining 
[debug] deducing auto plugins based on known facts Set(Atom(sbt.plugins.CorePlugin)) and clauses Clauses(Clause(Atom(sbt.plugins.JvmPlugin),Set(Atom(sbt.plugins.IvyPlugin)))
[debug] Clause(Atom(sbt.ScriptedPlugin),Set(Atom(sbt.plugins.JvmPlugin)))
[debug] Clause(Atom(sbt.plugins.SbtPlugin),Set(Atom(sbt.ScriptedPlugin)))
[debug] Clause(Atom(sbt.plugins.SemanticdbPlugin),Set(Atom(sbt.plugins.JvmPlugin)))
[debug] Clause(Atom(sbt.plugins.JUnitXmlReportPlugin),Set(Atom(sbt.plugins.JvmPlugin)))
[debug] Clause(Atom(sbt.plugins.MiniDependencyTreePlugin),Set(Atom(sbt.plugins.JvmPlugin)))
[debug] Clause(Atom(org.jetbrains.sbt.StructurePlugin),Set(Atom(sbt.plugins.JvmPlugin)))
[debug] Clause(Atom(org.jetbrains.sbt.IdeaShellPlugin),Set(Atom(sbt.plugins.JvmPlugin)))
[debug] Clause(Atom(org.jetbrains.sbt.indices.SbtIntellijIndicesPlugin),Set(Atom(sbt.plugins.JvmPlugin)))
[debug] Clause(Atom(sbt.plugins.CorePlugin),Set(Atom(sbt.plugins.IvyPlugin)))
[debug] Clause(Atom(sbt.plugins.IvyPlugin),Set(Atom(sbt.plugins.JvmPlugin)))
[debug] Clause(Atom(sbt.plugins.JvmPlugin),Set(Atom(sbt.plugins.SemanticdbPlugin)))
[debug] Clause(Atom(sbt.plugins.JvmPlugin),Set(Atom(sbt.plugins.JUnitXmlReportPlugin)))
[debug] Clause(Atom(sbt.plugins.CorePlugin),Set(Atom(sbt.plugins.Giter8TemplatePlugin)))
[debug] Clause(Atom(sbt.plugins.JvmPlugin),Set(Atom(sbt.plugins.MiniDependencyTreePlugin)))
[debug] Clause(Atom(sbt.plugins.JvmPlugin),Set(Atom(org.jetbrains.sbt.StructurePlugin)))
[debug] Clause(Atom(sbt.plugins.JvmPlugin),Set(Atom(org.jetbrains.sbt.IdeaShellPlugin)))
[debug] Clause(And(Set(Atom(sbt.plugins.CorePlugin), Atom(sbt.plugins.JvmPlugin))),Set(Atom(org.jetbrains.sbt.indices.SbtIntellijIndicesPlugin))))
[debug]   :: deduced result: Matched(sbt.plugins.CorePlugin,sbt.plugins.Giter8TemplatePlugin,sbt.plugins.IvyPlugin,sbt.plugins.JvmPlugin,sbt.plugins.SemanticdbPlugin,org.jetbrains.sbt.indices.SbtIntellijIndicesPlugin,sbt.plugins.JUnitXmlReportPlugin,org.jetbrains.sbt.IdeaShellPlugin,org.jetbrains.sbt.StructurePlugin,sbt.plugins.MiniDependencyTreePlugin)
[debug] Plugins.deducer#function took 2.2551 ms
[info] loading settings for project root from build.sbt ...
[debug]         Load.resolveProject(root) took 25.7332ms
[debug]       Load.loadTransitive: finalizeProject(Project(id root, base: C:\Users\jpora\OneDrive\Pulpit\Michal\AdventCalendar\Day2\untitled, plugins: List(<none>))) took 29.418ms
[debug] [Loading] Done in C:\Users\jpora\OneDrive\Pulpit\Michal\AdventCalendar\Day2\untitled, returning: (root)
[debug]     Load.loadUnit: loadedProjectsRaw took 1259.5937ms
[debug]     Load.loadUnit: cleanEvalClasses took 41.5262ms
[debug]   Load.loadUnit(file:/C:/Users/jpora/OneDrive/Pulpit/Michal/AdventCalendar/Day2/untitled/, ...) took 4086.7875ms
[debug] Load.apply: load took 4088.6477ms
[debug] Load.apply: resolveProjects took 0.1217ms
[debug] Load.apply: finalTransforms took 20.4828ms
[debug] Load.apply: config.delegates took 0.4123ms
[debug] Load.apply: Def.make(settings)... took 74.0392ms
[debug] Load.apply: structureIndex took 26.4294ms
[debug] Load.apply: mkStreams took 0.0041ms
[info] set current project to untitled (in build file:/C:/Users/jpora/OneDrive/Pulpit/Michal/AdventCalendar/Day2/untitled/)
[debug] > Exec(sbtPopOnFailure, None, None)
[debug] > Exec(resumeFromFailure, None, None)
[debug] > Exec(notifyUsersAboutShell, None, None)
[debug] > Exec(iflast shell, None, None)
[debug] > Exec(; set ideaPort in Global := 53234 ; idea-shell, None, None)
[debug] > Exec(set ideaPort in Global := 53234, None, None)
[info] Defining Global / ideaPort
[info] The new value will be used by Compile / compile, Test / compile
[debug] Defining 
[debug] 	Global / ideaPort
[debug] 
[debug] The new value will be used by 
[debug] 	Compile / compile
[debug] 	Test / compile
[info] Reapplying settings...
[info] set current project to untitled (in build file:/C:/Users/jpora/OneDrive/Pulpit/Michal/AdventCalendar/Day2/untitled/)
[debug] > Exec(idea-shell, None, None)
